Traceback (most recent call last):
  File "mygame.py", line 10, in <module>
  File "<frozen importlib._bootstrap>", line 2237, in _find_and_load
  File "<frozen importlib._bootstrap>", line 2226, in _find_and_load_unlocked
  File "<frozen importlib._bootstrap>", line 1191, in _load_unlocked
  File "<frozen importlib._bootstrap>", line 1161, in _load_backward_compatible
  File "C:\Python34\lib\site-packages\zipextimporter.py", line 86, in load_module
    return zipimport.zipimporter.load_module(self, fullname)
  File "C:\2DGP\MarioRun\start_state.py", line 2, in <module>
    import title_state
  File "<frozen importlib._bootstrap>", line 2237, in _find_and_load
  File "<frozen importlib._bootstrap>", line 2226, in _find_and_load_unlocked
  File "<frozen importlib._bootstrap>", line 1191, in _load_unlocked
  File "<frozen importlib._bootstrap>", line 1161, in _load_backward_compatible
  File "C:\Python34\lib\site-packages\zipextimporter.py", line 86, in load_module
    return zipimport.zipimporter.load_module(self, fullname)
  File "C:\2DGP\MarioRun\title_state.py", line 2, in <module>
    import main_state
  File "<frozen importlib._bootstrap>", line 2237, in _find_and_load
  File "<frozen importlib._bootstrap>", line 2226, in _find_and_load_unlocked
  File "<frozen importlib._bootstrap>", line 1191, in _load_unlocked
  File "<frozen importlib._bootstrap>", line 1161, in _load_backward_compatible
  File "C:\Python34\lib\site-packages\zipextimporter.py", line 86, in load_module
    return zipimport.zipimporter.load_module(self, fullname)
  File "C:\2DGP\MarioRun\main_state.py", line 15, in <module>
    from Gold import Gold
  File "<frozen importlib._bootstrap>", line 2237, in _find_and_load
  File "<frozen importlib._bootstrap>", line 2226, in _find_and_load_unlocked
  File "<frozen importlib._bootstrap>", line 1191, in _load_unlocked
  File "<frozen importlib._bootstrap>", line 1161, in _load_backward_compatible
  File "C:\Python34\lib\site-packages\zipextimporter.py", line 86, in load_module
    return zipimport.zipimporter.load_module(self, fullname)
  File "C:\2DGP\MarioRun\Gold.py", line 7, in <module>
    gold_data_file = open('resource\\json\\gold_data.txt', 'r')
FileNotFoundError: [Errno 2] No such file or directory: 'resource\\json\\gold_data.txt'
